<?xml version="1.0" encoding="UTF-8"?>
<!-- Generated by org.testng.reporters.JUnitReportReporter -->
<testsuite hostname="BRT" failures="0" tests="1" name="com.org.learningMaven.myMavenProject2.testing" time="53.170" errors="0" timestamp="2020-10-24T16:34:25 EDT" skipped="0">
  <testcase classname="com.org.learningMaven.myMavenProject2.testing" name="testFWA150" time="53.170"/>
  <system-out/>
</testsuite> <!-- com.org.learningMaven.myMavenProject2.testing -->
