<?xml version="1.0" encoding="UTF-8"?>
<!-- Generated by org.testng.reporters.JUnitReportReporter -->
<testsuite hostname="BRT" failures="0" tests="1" name="com.org.learningMaven.myMavenProject2.FWA_135" time="31.718" errors="0" timestamp="2020-10-21T01:17:49 EDT" skipped="0">
  <testcase classname="com.org.learningMaven.myMavenProject2.FWA_135" name="referralBonusOfWhoReferred" time="31.718"/>
  <system-out/>
</testsuite> <!-- com.org.learningMaven.myMavenProject2.FWA_135 -->
