<?xml version="1.0" encoding="UTF-8"?>
<!-- Generated by org.testng.reporters.JUnitReportReporter -->
<testsuite hostname="BRT" failures="0" tests="1" name="com.org.learningMaven.myMavenProject2.FWA_146" time="54.430" errors="0" timestamp="2020-10-22T23:23:43 EDT" skipped="0">
  <testcase classname="com.org.learningMaven.myMavenProject2.FWA_146" name="reviewPickUpOrderWhenOffersAreAvailable" time="54.430"/>
  <system-out/>
</testsuite> <!-- com.org.learningMaven.myMavenProject2.FWA_146 -->
