<?xml version="1.0" encoding="UTF-8"?>
<!-- Generated by org.testng.reporters.JUnitReportReporter -->
<testsuite hostname="BRT" failures="0" tests="1" name="com.org.learningMaven.myMavenProject2.FWA_138" time="69.924" errors="0" timestamp="2020-10-22T21:53:22 EDT" skipped="0">
  <testcase classname="com.org.learningMaven.myMavenProject2.FWA_138" name="refundPlacedOrder" time="69.924"/>
  <system-out/>
</testsuite> <!-- com.org.learningMaven.myMavenProject2.FWA_138 -->
