<?xml version="1.0" encoding="UTF-8"?>
<!-- Generated by org.testng.reporters.JUnitReportReporter -->
<testsuite hostname="BRT" failures="0" tests="1" name="com.org.learningMaven.myMavenProject2.FWA_132" time="43.176" errors="0" timestamp="2020-10-22T21:47:26 EDT" skipped="0">
  <testcase classname="com.org.learningMaven.myMavenProject2.FWA_132" name="defaultGiftCardSignUpIsGenerated" time="43.176"/>
  <system-out/>
</testsuite> <!-- com.org.learningMaven.myMavenProject2.FWA_132 -->
