<?xml version="1.0" encoding="UTF-8"?>
<!-- Generated by org.testng.reporters.JUnitReportReporter -->
<testsuite hostname="BRT" failures="0" tests="1" name="com.org.learningMaven.myMavenProject2.FWA_151" time="67.273" errors="0" timestamp="2020-10-23T01:32:55 EDT" skipped="0">
  <testcase classname="com.org.learningMaven.myMavenProject2.FWA_151" name="ChangeLocationInPickupOrder" time="67.273"/>
  <system-out/>
</testsuite> <!-- com.org.learningMaven.myMavenProject2.FWA_151 -->
