<?xml version="1.0" encoding="UTF-8"?>
<!-- Generated by org.testng.reporters.JUnitReportReporter -->
<testsuite hostname="BRT" failures="0" tests="1" name="com.org.learningMaven.myMavenProject2.FWA_137" time="50.961" errors="0" timestamp="2020-10-21T14:33:46 EDT" skipped="0">
  <testcase classname="com.org.learningMaven.myMavenProject2.FWA_137" name="reorderPastOrder" time="50.961"/>
  <system-out/>
</testsuite> <!-- com.org.learningMaven.myMavenProject2.FWA_137 -->
