<?xml version="1.0" encoding="UTF-8"?>
<!-- Generated by org.testng.reporters.JUnitReportReporter -->
<testsuite hostname="BRT" failures="0" tests="1" name="com.org.learningMaven.myMavenProject2.FWA_143" time="30.660" errors="0" timestamp="2020-10-24T14:28:09 EDT" skipped="0">
  <testcase classname="com.org.learningMaven.myMavenProject2.FWA_143" name="userCanViewLocationsByState" time="30.660"/>
  <system-out/>
</testsuite> <!-- com.org.learningMaven.myMavenProject2.FWA_143 -->
