<?xml version="1.0" encoding="UTF-8"?>
<!-- Generated by org.testng.reporters.JUnitReportReporter -->
<testsuite hostname="BRT" failures="0" tests="1" name="com.org.learningMaven.myMavenProject2.FWA_129" time="25.462" errors="0" timestamp="2020-10-20T18:49:17 EDT" skipped="0">
  <testcase classname="com.org.learningMaven.myMavenProject2.FWA_129" name="removeCreditCard" time="25.462"/>
  <system-out/>
</testsuite> <!-- com.org.learningMaven.myMavenProject2.FWA_129 -->
