<?xml version="1.0" encoding="UTF-8"?>
<!-- Generated by org.testng.reporters.JUnitReportReporter -->
<testsuite hostname="BRT" failures="0" tests="1" name="com.org.learningMaven.myMavenProject2.FWA_141" time="31.194" errors="0" timestamp="2020-10-24T14:10:05 EDT" skipped="0">
  <testcase classname="com.org.learningMaven.myMavenProject2.FWA_141" name="userCanViewLocationsByStore" time="31.194"/>
  <system-out/>
</testsuite> <!-- com.org.learningMaven.myMavenProject2.FWA_141 -->
