<?xml version="1.0" encoding="UTF-8"?>
<!-- Generated by org.testng.reporters.JUnitReportReporter -->
<testsuite hostname="alobmiba" failures="0" tests="1" name="com.org.learningMaven.myMavenProject2.FWA_128" time="47.541" errors="0" timestamp="2020-10-20T22:04:46 EDT" skipped="0">
  <testcase classname="com.org.learningMaven.myMavenProject2.FWA_128" name="addCreditCard" time="47.541"/>
  <system-out/>
</testsuite> <!-- com.org.learningMaven.myMavenProject2.FWA_128 -->
