<?xml version="1.0" encoding="UTF-8"?>
<!-- Generated by org.testng.reporters.JUnitReportReporter -->
<testsuite hostname="BRT" failures="0" tests="1" name="com.org.learningMaven.myMavenProject2.FWA_152" time="47.328" errors="0" timestamp="2020-10-24T15:02:41 EDT" skipped="0">
  <testcase classname="com.org.learningMaven.myMavenProject2.FWA_152" name="promoCode" time="47.328"/>
  <system-out/>
</testsuite> <!-- com.org.learningMaven.myMavenProject2.FWA_152 -->
