<?xml version="1.0" encoding="UTF-8"?>
<!-- Generated by org.testng.reporters.JUnitReportReporter -->
<testsuite hostname="BRT" failures="0" tests="1" name="com.org.learningMaven.myMavenProject2.FWA_150" time="56.275" errors="0" timestamp="2020-10-24T18:09:49 EDT" skipped="0">
  <testcase classname="com.org.learningMaven.myMavenProject2.FWA_150" name="taxesDisplayed" time="56.275"/>
  <system-out/>
</testsuite> <!-- com.org.learningMaven.myMavenProject2.FWA_150 -->
