<?xml version="1.0" encoding="UTF-8"?>
<!-- Generated by org.testng.reporters.JUnitReportReporter -->
<testsuite hostname="alobmiba" failures="0" tests="1" name="com.org.learningMaven.myMavenProject2.FWA_131" time="84.436" errors="0" timestamp="2020-10-20T22:48:41 EDT" skipped="0">
  <testcase classname="com.org.learningMaven.myMavenProject2.FWA_131" name="addPaymentMethodWhilePlacingOrders" time="84.436"/>
  <system-out/>
</testsuite> <!-- com.org.learningMaven.myMavenProject2.FWA_131 -->
