<?xml version="1.0" encoding="UTF-8"?>
<!-- Generated by org.testng.reporters.JUnitReportReporter -->
<testsuite hostname="BRT" failures="0" tests="1" name="com.org.learningMaven.myMavenProject2.FWA_136" time="36.797" errors="0" timestamp="2020-10-21T01:49:27 EDT" skipped="0">
  <testcase classname="com.org.learningMaven.myMavenProject2.FWA_136" name="verifyPastOrder" time="36.797"/>
  <system-out/>
</testsuite> <!-- com.org.learningMaven.myMavenProject2.FWA_136 -->
