<?xml version="1.0" encoding="UTF-8"?>
<!-- Generated by org.testng.reporters.JUnitReportReporter -->
<testsuite hostname="alobmiba" failures="0" tests="1" name="com.org.learningMaven.myMavenProject2.FWA_138" time="67.115" errors="0" timestamp="2020-10-21T18:00:47 EDT" skipped="0">
  <testcase classname="com.org.learningMaven.myMavenProject2.FWA_138" name="refundPlacedOrder" time="67.115"/>
  <system-out/>
</testsuite> <!-- com.org.learningMaven.myMavenProject2.FWA_138 -->
