<?xml version="1.0" encoding="UTF-8"?>
<!-- Generated by org.testng.reporters.JUnitReportReporter -->
<testsuite hostname="BRT" failures="0" tests="1" name="com.org.learningMaven.myMavenProject2.FWA_131" time="82.744" errors="0" timestamp="2020-10-21T00:11:42 EDT" skipped="0">
  <testcase classname="com.org.learningMaven.myMavenProject2.FWA_131" name="addPaymentMethodWhilePlacingOrders" time="82.744"/>
  <system-out/>
</testsuite> <!-- com.org.learningMaven.myMavenProject2.FWA_131 -->
