<?xml version="1.0" encoding="UTF-8"?>
<!-- Generated by org.testng.reporters.JUnitReportReporter -->
<testsuite hostname="BRT" failures="0" tests="1" name="com.org.learningMaven.myMavenProject2.FWA_148" time="51.935" errors="0" timestamp="2020-10-23T00:51:59 EDT" skipped="0">
  <testcase classname="com.org.learningMaven.myMavenProject2.FWA_148" name="reviewPickUpOrderWhenOffersAndRewardsAreApplied" time="51.935"/>
  <system-out/>
</testsuite> <!-- com.org.learningMaven.myMavenProject2.FWA_148 -->
