<?xml version="1.0" encoding="UTF-8"?>
<!-- Generated by org.testng.reporters.JUnitReportReporter -->
<testsuite hostname="BRT" failures="0" tests="1" name="com.org.learningMaven.myMavenProject2.FWA_140" time="24.940" errors="0" timestamp="2020-10-24T13:39:14 EDT" skipped="0">
  <testcase classname="com.org.learningMaven.myMavenProject2.FWA_140" name="userCanViewLocations" time="24.940"/>
  <system-out/>
</testsuite> <!-- com.org.learningMaven.myMavenProject2.FWA_140 -->
