<?xml version="1.0" encoding="UTF-8"?>
<!-- Generated by org.testng.reporters.JUnitReportReporter -->
<testsuite hostname="BRT" failures="0" tests="1" name="com.org.learningMaven.myMavenProject2.testing2" time="47.076" errors="0" timestamp="2020-10-20T16:36:58 EDT" skipped="0">
  <testcase classname="com.org.learningMaven.myMavenProject2.testing2" name="addCreditCard" time="47.076"/>
  <system-out/>
</testsuite> <!-- com.org.learningMaven.myMavenProject2.testing2 -->
