<?xml version="1.0" encoding="UTF-8"?>
<!-- Generated by org.testng.reporters.JUnitReportReporter -->
<testsuite hostname="BRT" failures="0" tests="1" name="com.org.learningMaven.myMavenProject2.FWA_145" time="33.940" errors="0" timestamp="2020-10-24T14:58:03 EDT" skipped="0">
  <testcase classname="com.org.learningMaven.myMavenProject2.FWA_145" name="userCanViewLocationsDetails" time="33.940"/>
  <system-out/>
</testsuite> <!-- com.org.learningMaven.myMavenProject2.FWA_145 -->
