<?xml version="1.0" encoding="UTF-8"?>
<!-- Generated by org.testng.reporters.JUnitReportReporter -->
<testsuite hostname="BRT" failures="0" tests="2" name="com.org.learningMaven.myMavenProject2.FWA_130" time="72.719" errors="0" timestamp="2020-10-20T19:53:09 EDT" skipped="0">
  <testcase classname="com.org.learningMaven.myMavenProject2.FWA_130" name="addMultipleCreditCard2" time="24.885"/>
  <system-out/>
  <testcase classname="com.org.learningMaven.myMavenProject2.FWA_130" name="addMultipleCreditCard1" time="47.834"/>
  <system-out/>
</testsuite> <!-- com.org.learningMaven.myMavenProject2.FWA_130 -->
